<?xml version="1.0" encoding="UTF-8"?>
<testng-results ignored="0" total="2" passed="0" failed="0" skipped="2">
  <reporter-output>
  </reporter-output>
  <suite started-at="2021-07-10T12:30:42 IST" name="Suite" finished-at="2021-07-10T12:30:44 IST" duration-ms="1373">
    <groups>
      <group name="smoke">
        <method signature="LoginPageTest.verifyLoginPage_test1(org.testng.ITestContext)[pri:0, instance:testcases.LoginPageTest@53ca01a2]" name="verifyLoginPage_test1" class="testcases.LoginPageTest"/>
      </group> <!-- smoke -->
    </groups>
    <test started-at="2021-07-10T12:30:42 IST" name="test1" finished-at="2021-07-10T12:30:44 IST" duration-ms="1373">
      <class name="testcases.LoginPageTest">
        <test-method is-config="true" signature="setup_before_each_test(org.testng.ITestResult,org.testng.ITestContext)[pri:0, instance:testcases.LoginPageTest@53ca01a2]" started-at="2021-07-10T12:30:42 IST" name="setup_before_each_test" finished-at="2021-07-10T12:30:44 IST" duration-ms="1341" status="FAIL">
          <params>
            <param index="0">
              <value>
                <![CDATA[[TestResult name={null} status=CREATED method=LoginPageTest.verifyLoginPage_test1(org.testng.ITestContext)[pri:0, instance:testcases.LoginPageTest@53ca01a2] output={null}]]]>
              </value>
            </param>
            <param index="1">
              <value>
                <![CDATA[org.testng.TestRunner@610d74be]]>
              </value>
            </param>
          </params>
          <exception class="org.openqa.selenium.SessionNotCreatedException">
            <message>
              <![CDATA[session not created: This version of ChromeDriver only supports Chrome version 89
Current browser version is 91.0.4472.114 with binary path /Applications/Google Chrome.app/Contents/MacOS/Google Chrome
Build info: version: '3.141.59', revision: 'e82be7d358', time: '2018-11-14T08:17:03'
System info: host: 'Pritis-MBP', ip: '2401:4900:5037:f8c:9413:2782:81fc:5373%en0', os.name: 'Mac OS X', os.arch: 'x86_64', os.version: '10.15.7', java.version: '15.0.2'
Driver info: driver.version: ChromeDriver
remote stacktrace: 0   chromedriver                        0x0000000103de5b59 chromedriver + 2595673
1   chromedriver                        0x0000000104499b33 chromedriver + 9624371
2   chromedriver                        0x0000000103b95773 chromedriver + 169843
3   chromedriver                        0x0000000103bb9bf6 chromedriver + 318454
4   chromedriver                        0x0000000103bb5dc4 chromedriver + 302532
5   chromedriver                        0x0000000103bb3032 chromedriver + 290866
6   chromedriver                        0x0000000103be6234 chromedriver + 500276
7   chromedriver                        0x0000000103be14f3 chromedriver + 480499
8   chromedriver                        0x0000000103bbbcd6 chromedriver + 326870
9   chromedriver                        0x0000000103bbcba7 chromedriver + 330663
10  chromedriver                        0x0000000103db3b09 chromedriver + 2390793
11  chromedriver                        0x0000000103dc0bcc chromedriver + 2444236
12  chromedriver                        0x0000000103dc06ee chromedriver + 2442990
13  chromedriver                        0x0000000103d9a832 chromedriver + 2287666
14  chromedriver                        0x0000000103dc163f chromedriver + 2446911
15  chromedriver                        0x0000000103da9299 chromedriver + 2347673
16  chromedriver                        0x0000000103dd88b9 chromedriver + 2541753
17  chromedriver                        0x0000000103deb008 chromedriver + 2617352
18  libsystem_pthread.dylib             0x00007fff733e7109 _pthread_start + 148
19  libsystem_pthread.dylib             0x00007fff733e2b8b thread_start + 15
]]>
            </message>
            <full-stacktrace>
              <![CDATA[org.openqa.selenium.SessionNotCreatedException: session not created: This version of ChromeDriver only supports Chrome version 89
Current browser version is 91.0.4472.114 with binary path /Applications/Google Chrome.app/Contents/MacOS/Google Chrome
Build info: version: '3.141.59', revision: 'e82be7d358', time: '2018-11-14T08:17:03'
System info: host: 'Pritis-MBP', ip: '2401:4900:5037:f8c:9413:2782:81fc:5373%en0', os.name: 'Mac OS X', os.arch: 'x86_64', os.version: '10.15.7', java.version: '15.0.2'
Driver info: driver.version: ChromeDriver
remote stacktrace: 0   chromedriver                        0x0000000103de5b59 chromedriver + 2595673
1   chromedriver                        0x0000000104499b33 chromedriver + 9624371
2   chromedriver                        0x0000000103b95773 chromedriver + 169843
3   chromedriver                        0x0000000103bb9bf6 chromedriver + 318454
4   chromedriver                        0x0000000103bb5dc4 chromedriver + 302532
5   chromedriver                        0x0000000103bb3032 chromedriver + 290866
6   chromedriver                        0x0000000103be6234 chromedriver + 500276
7   chromedriver                        0x0000000103be14f3 chromedriver + 480499
8   chromedriver                        0x0000000103bbbcd6 chromedriver + 326870
9   chromedriver                        0x0000000103bbcba7 chromedriver + 330663
10  chromedriver                        0x0000000103db3b09 chromedriver + 2390793
11  chromedriver                        0x0000000103dc0bcc chromedriver + 2444236
12  chromedriver                        0x0000000103dc06ee chromedriver + 2442990
13  chromedriver                        0x0000000103d9a832 chromedriver + 2287666
14  chromedriver                        0x0000000103dc163f chromedriver + 2446911
15  chromedriver                        0x0000000103da9299 chromedriver + 2347673
16  chromedriver                        0x0000000103dd88b9 chromedriver + 2541753
17  chromedriver                        0x0000000103deb008 chromedriver + 2617352
18  libsystem_pthread.dylib             0x00007fff733e7109 _pthread_start + 148
19  libsystem_pthread.dylib             0x00007fff733e2b8b thread_start + 15

at java.base/jdk.internal.reflect.NativeConstructorAccessorImpl.newInstance0(Native Method)
at java.base/jdk.internal.reflect.NativeConstructorAccessorImpl.newInstance(NativeConstructorAccessorImpl.java:64)
at java.base/jdk.internal.reflect.DelegatingConstructorAccessorImpl.newInstance(DelegatingConstructorAccessorImpl.java:45)
at java.base/java.lang.reflect.Constructor.newInstanceWithCaller(Constructor.java:500)
at java.base/java.lang.reflect.Constructor.newInstance(Constructor.java:481)
at org.openqa.selenium.remote.W3CHandshakeResponse.lambda$errorHandler$0(W3CHandshakeResponse.java:62)
at org.openqa.selenium.remote.HandshakeResponse.lambda$getResponseFunction$0(HandshakeResponse.java:30)
at org.openqa.selenium.remote.ProtocolHandshake.lambda$createSession$0(ProtocolHandshake.java:126)
at java.base/java.util.stream.ReferencePipeline$3$1.accept(ReferencePipeline.java:195)
at java.base/java.util.Spliterators$ArraySpliterator.tryAdvance(Spliterators.java:958)
at java.base/java.util.stream.ReferencePipeline.forEachWithCancel(ReferencePipeline.java:127)
at java.base/java.util.stream.AbstractPipeline.copyIntoWithCancel(AbstractPipeline.java:502)
at java.base/java.util.stream.AbstractPipeline.copyInto(AbstractPipeline.java:488)
at java.base/java.util.stream.AbstractPipeline.wrapAndCopyInto(AbstractPipeline.java:474)
at java.base/java.util.stream.FindOps$FindOp.evaluateSequential(FindOps.java:150)
at java.base/java.util.stream.AbstractPipeline.evaluate(AbstractPipeline.java:234)
at java.base/java.util.stream.ReferencePipeline.findFirst(ReferencePipeline.java:543)
at org.openqa.selenium.remote.ProtocolHandshake.createSession(ProtocolHandshake.java:128)
at org.openqa.selenium.remote.ProtocolHandshake.createSession(ProtocolHandshake.java:74)
at org.openqa.selenium.remote.HttpCommandExecutor.execute(HttpCommandExecutor.java:136)
at org.openqa.selenium.remote.service.DriverCommandExecutor.execute(DriverCommandExecutor.java:83)
at org.openqa.selenium.remote.RemoteWebDriver.execute(RemoteWebDriver.java:552)
at org.openqa.selenium.remote.RemoteWebDriver.startSession(RemoteWebDriver.java:213)
at org.openqa.selenium.remote.RemoteWebDriver.<init>(RemoteWebDriver.java:131)
at org.openqa.selenium.chrome.ChromeDriver.<init>(ChromeDriver.java:181)
at org.openqa.selenium.chrome.ChromeDriver.<init>(ChromeDriver.java:168)
at org.openqa.selenium.chrome.ChromeDriver.<init>(ChromeDriver.java:123)
at base.BasePage.setup_before_each_test(BasePage.java:56)
at java.base/jdk.internal.reflect.NativeMethodAccessorImpl.invoke0(Native Method)
at java.base/jdk.internal.reflect.NativeMethodAccessorImpl.invoke(NativeMethodAccessorImpl.java:64)
at java.base/jdk.internal.reflect.DelegatingMethodAccessorImpl.invoke(DelegatingMethodAccessorImpl.java:43)
at java.base/java.lang.reflect.Method.invoke(Method.java:564)
at org.testng.internal.MethodInvocationHelper.invokeMethod(MethodInvocationHelper.java:133)
at org.testng.internal.MethodInvocationHelper.invokeMethodConsideringTimeout(MethodInvocationHelper.java:62)
at org.testng.internal.ConfigInvoker.invokeConfigurationMethod(ConfigInvoker.java:385)
at org.testng.internal.ConfigInvoker.invokeConfigurations(ConfigInvoker.java:321)
at org.testng.internal.TestInvoker.runConfigMethods(TestInvoker.java:700)
at org.testng.internal.TestInvoker.invokeMethod(TestInvoker.java:527)
at org.testng.internal.TestInvoker.invokeTestMethod(TestInvoker.java:173)
at org.testng.internal.MethodRunner.runInSequence(MethodRunner.java:46)
at org.testng.internal.TestInvoker$MethodInvocationAgent.invoke(TestInvoker.java:824)
at org.testng.internal.TestInvoker.invokeTestMethods(TestInvoker.java:146)
at org.testng.internal.TestMethodWorker.invokeTestMethods(TestMethodWorker.java:146)
at org.testng.internal.TestMethodWorker.run(TestMethodWorker.java:128)
at java.base/java.util.concurrent.ThreadPoolExecutor.runWorker(ThreadPoolExecutor.java:1130)
at java.base/java.util.concurrent.ThreadPoolExecutor$Worker.run(ThreadPoolExecutor.java:630)
at java.base/java.lang.Thread.run(Thread.java:832)
]]>
            </full-stacktrace>
          </exception> <!-- org.openqa.selenium.SessionNotCreatedException -->
          <reporter-output>
          </reporter-output>
        </test-method> <!-- setup_before_each_test -->
        <test-method signature="verifyLoginPage_test1(org.testng.ITestContext)[pri:0, instance:testcases.LoginPageTest@53ca01a2]" started-at="2021-07-10T12:30:44 IST" name="verifyLoginPage_test1" finished-at="2021-07-10T12:30:44 IST" duration-ms="0" status="SKIP">
          <params>
            <param index="0">
              <value>
                <![CDATA[org.testng.TestRunner@610d74be]]>
              </value>
            </param>
          </params>
          <exception class="org.openqa.selenium.SessionNotCreatedException">
            <message>
              <![CDATA[session not created: This version of ChromeDriver only supports Chrome version 89
Current browser version is 91.0.4472.114 with binary path /Applications/Google Chrome.app/Contents/MacOS/Google Chrome
Build info: version: '3.141.59', revision: 'e82be7d358', time: '2018-11-14T08:17:03'
System info: host: 'Pritis-MBP', ip: '2401:4900:5037:f8c:9413:2782:81fc:5373%en0', os.name: 'Mac OS X', os.arch: 'x86_64', os.version: '10.15.7', java.version: '15.0.2'
Driver info: driver.version: ChromeDriver
remote stacktrace: 0   chromedriver                        0x0000000103de5b59 chromedriver + 2595673
1   chromedriver                        0x0000000104499b33 chromedriver + 9624371
2   chromedriver                        0x0000000103b95773 chromedriver + 169843
3   chromedriver                        0x0000000103bb9bf6 chromedriver + 318454
4   chromedriver                        0x0000000103bb5dc4 chromedriver + 302532
5   chromedriver                        0x0000000103bb3032 chromedriver + 290866
6   chromedriver                        0x0000000103be6234 chromedriver + 500276
7   chromedriver                        0x0000000103be14f3 chromedriver + 480499
8   chromedriver                        0x0000000103bbbcd6 chromedriver + 326870
9   chromedriver                        0x0000000103bbcba7 chromedriver + 330663
10  chromedriver                        0x0000000103db3b09 chromedriver + 2390793
11  chromedriver                        0x0000000103dc0bcc chromedriver + 2444236
12  chromedriver                        0x0000000103dc06ee chromedriver + 2442990
13  chromedriver                        0x0000000103d9a832 chromedriver + 2287666
14  chromedriver                        0x0000000103dc163f chromedriver + 2446911
15  chromedriver                        0x0000000103da9299 chromedriver + 2347673
16  chromedriver                        0x0000000103dd88b9 chromedriver + 2541753
17  chromedriver                        0x0000000103deb008 chromedriver + 2617352
18  libsystem_pthread.dylib             0x00007fff733e7109 _pthread_start + 148
19  libsystem_pthread.dylib             0x00007fff733e2b8b thread_start + 15
]]>
            </message>
            <full-stacktrace>
              <![CDATA[org.openqa.selenium.SessionNotCreatedException: session not created: This version of ChromeDriver only supports Chrome version 89
Current browser version is 91.0.4472.114 with binary path /Applications/Google Chrome.app/Contents/MacOS/Google Chrome
Build info: version: '3.141.59', revision: 'e82be7d358', time: '2018-11-14T08:17:03'
System info: host: 'Pritis-MBP', ip: '2401:4900:5037:f8c:9413:2782:81fc:5373%en0', os.name: 'Mac OS X', os.arch: 'x86_64', os.version: '10.15.7', java.version: '15.0.2'
Driver info: driver.version: ChromeDriver
remote stacktrace: 0   chromedriver                        0x0000000103de5b59 chromedriver + 2595673
1   chromedriver                        0x0000000104499b33 chromedriver + 9624371
2   chromedriver                        0x0000000103b95773 chromedriver + 169843
3   chromedriver                        0x0000000103bb9bf6 chromedriver + 318454
4   chromedriver                        0x0000000103bb5dc4 chromedriver + 302532
5   chromedriver                        0x0000000103bb3032 chromedriver + 290866
6   chromedriver                        0x0000000103be6234 chromedriver + 500276
7   chromedriver                        0x0000000103be14f3 chromedriver + 480499
8   chromedriver                        0x0000000103bbbcd6 chromedriver + 326870
9   chromedriver                        0x0000000103bbcba7 chromedriver + 330663
10  chromedriver                        0x0000000103db3b09 chromedriver + 2390793
11  chromedriver                        0x0000000103dc0bcc chromedriver + 2444236
12  chromedriver                        0x0000000103dc06ee chromedriver + 2442990
13  chromedriver                        0x0000000103d9a832 chromedriver + 2287666
14  chromedriver                        0x0000000103dc163f chromedriver + 2446911
15  chromedriver                        0x0000000103da9299 chromedriver + 2347673
16  chromedriver                        0x0000000103dd88b9 chromedriver + 2541753
17  chromedriver                        0x0000000103deb008 chromedriver + 2617352
18  libsystem_pthread.dylib             0x00007fff733e7109 _pthread_start + 148
19  libsystem_pthread.dylib             0x00007fff733e2b8b thread_start + 15

at java.base/jdk.internal.reflect.NativeConstructorAccessorImpl.newInstance0(Native Method)
at java.base/jdk.internal.reflect.NativeConstructorAccessorImpl.newInstance(NativeConstructorAccessorImpl.java:64)
at java.base/jdk.internal.reflect.DelegatingConstructorAccessorImpl.newInstance(DelegatingConstructorAccessorImpl.java:45)
at java.base/java.lang.reflect.Constructor.newInstanceWithCaller(Constructor.java:500)
at java.base/java.lang.reflect.Constructor.newInstance(Constructor.java:481)
at org.openqa.selenium.remote.W3CHandshakeResponse.lambda$errorHandler$0(W3CHandshakeResponse.java:62)
at org.openqa.selenium.remote.HandshakeResponse.lambda$getResponseFunction$0(HandshakeResponse.java:30)
at org.openqa.selenium.remote.ProtocolHandshake.lambda$createSession$0(ProtocolHandshake.java:126)
at java.base/java.util.stream.ReferencePipeline$3$1.accept(ReferencePipeline.java:195)
at java.base/java.util.Spliterators$ArraySpliterator.tryAdvance(Spliterators.java:958)
at java.base/java.util.stream.ReferencePipeline.forEachWithCancel(ReferencePipeline.java:127)
at java.base/java.util.stream.AbstractPipeline.copyIntoWithCancel(AbstractPipeline.java:502)
at java.base/java.util.stream.AbstractPipeline.copyInto(AbstractPipeline.java:488)
at java.base/java.util.stream.AbstractPipeline.wrapAndCopyInto(AbstractPipeline.java:474)
at java.base/java.util.stream.FindOps$FindOp.evaluateSequential(FindOps.java:150)
at java.base/java.util.stream.AbstractPipeline.evaluate(AbstractPipeline.java:234)
at java.base/java.util.stream.ReferencePipeline.findFirst(ReferencePipeline.java:543)
at org.openqa.selenium.remote.ProtocolHandshake.createSession(ProtocolHandshake.java:128)
at org.openqa.selenium.remote.ProtocolHandshake.createSession(ProtocolHandshake.java:74)
at org.openqa.selenium.remote.HttpCommandExecutor.execute(HttpCommandExecutor.java:136)
at org.openqa.selenium.remote.service.DriverCommandExecutor.execute(DriverCommandExecutor.java:83)
at org.openqa.selenium.remote.RemoteWebDriver.execute(RemoteWebDriver.java:552)
at org.openqa.selenium.remote.RemoteWebDriver.startSession(RemoteWebDriver.java:213)
at org.openqa.selenium.remote.RemoteWebDriver.<init>(RemoteWebDriver.java:131)
at org.openqa.selenium.chrome.ChromeDriver.<init>(ChromeDriver.java:181)
at org.openqa.selenium.chrome.ChromeDriver.<init>(ChromeDriver.java:168)
at org.openqa.selenium.chrome.ChromeDriver.<init>(ChromeDriver.java:123)
at base.BasePage.setup_before_each_test(BasePage.java:56)
at java.base/jdk.internal.reflect.NativeMethodAccessorImpl.invoke0(Native Method)
at java.base/jdk.internal.reflect.NativeMethodAccessorImpl.invoke(NativeMethodAccessorImpl.java:64)
at java.base/jdk.internal.reflect.DelegatingMethodAccessorImpl.invoke(DelegatingMethodAccessorImpl.java:43)
at java.base/java.lang.reflect.Method.invoke(Method.java:564)
at org.testng.internal.MethodInvocationHelper.invokeMethod(MethodInvocationHelper.java:133)
at org.testng.internal.MethodInvocationHelper.invokeMethodConsideringTimeout(MethodInvocationHelper.java:62)
at org.testng.internal.ConfigInvoker.invokeConfigurationMethod(ConfigInvoker.java:385)
at org.testng.internal.ConfigInvoker.invokeConfigurations(ConfigInvoker.java:321)
at org.testng.internal.TestInvoker.runConfigMethods(TestInvoker.java:700)
at org.testng.internal.TestInvoker.invokeMethod(TestInvoker.java:527)
at org.testng.internal.TestInvoker.invokeTestMethod(TestInvoker.java:173)
at org.testng.internal.MethodRunner.runInSequence(MethodRunner.java:46)
at org.testng.internal.TestInvoker$MethodInvocationAgent.invoke(TestInvoker.java:824)
at org.testng.internal.TestInvoker.invokeTestMethods(TestInvoker.java:146)
at org.testng.internal.TestMethodWorker.invokeTestMethods(TestMethodWorker.java:146)
at org.testng.internal.TestMethodWorker.run(TestMethodWorker.java:128)
at java.base/java.util.concurrent.ThreadPoolExecutor.runWorker(ThreadPoolExecutor.java:1130)
at java.base/java.util.concurrent.ThreadPoolExecutor$Worker.run(ThreadPoolExecutor.java:630)
at java.base/java.lang.Thread.run(Thread.java:832)
]]>
            </full-stacktrace>
          </exception> <!-- org.openqa.selenium.SessionNotCreatedException -->
          <reporter-output>
          </reporter-output>
        </test-method> <!-- verifyLoginPage_test1 -->
        <test-method is-config="true" signature="tearDown_after_each_test()[pri:0, instance:testcases.LoginPageTest@53ca01a2]" started-at="2021-07-10T12:30:44 IST" name="tearDown_after_each_test" finished-at="1970-01-01T05:30:00 IST" duration-ms="-1625900444313" status="SKIP">
          <reporter-output>
          </reporter-output>
        </test-method> <!-- tearDown_after_each_test -->
        <test-method signature="verifyLoginPage_test1(org.testng.ITestContext)[pri:0, instance:testcases.LoginPageTest@53ca01a2]" started-at="2021-07-10T12:30:44 IST" name="verifyLoginPage_test1" finished-at="2021-07-10T12:30:44 IST" duration-ms="0" status="SKIP">
          <params>
            <param index="0">
              <value>
                <![CDATA[org.testng.TestRunner@610d74be]]>
              </value>
            </param>
          </params>
          <exception class="org.openqa.selenium.SessionNotCreatedException">
            <message>
              <![CDATA[session not created: This version of ChromeDriver only supports Chrome version 89
Current browser version is 91.0.4472.114 with binary path /Applications/Google Chrome.app/Contents/MacOS/Google Chrome
Build info: version: '3.141.59', revision: 'e82be7d358', time: '2018-11-14T08:17:03'
System info: host: 'Pritis-MBP', ip: '2401:4900:5037:f8c:9413:2782:81fc:5373%en0', os.name: 'Mac OS X', os.arch: 'x86_64', os.version: '10.15.7', java.version: '15.0.2'
Driver info: driver.version: ChromeDriver
remote stacktrace: 0   chromedriver                        0x0000000103de5b59 chromedriver + 2595673
1   chromedriver                        0x0000000104499b33 chromedriver + 9624371
2   chromedriver                        0x0000000103b95773 chromedriver + 169843
3   chromedriver                        0x0000000103bb9bf6 chromedriver + 318454
4   chromedriver                        0x0000000103bb5dc4 chromedriver + 302532
5   chromedriver                        0x0000000103bb3032 chromedriver + 290866
6   chromedriver                        0x0000000103be6234 chromedriver + 500276
7   chromedriver                        0x0000000103be14f3 chromedriver + 480499
8   chromedriver                        0x0000000103bbbcd6 chromedriver + 326870
9   chromedriver                        0x0000000103bbcba7 chromedriver + 330663
10  chromedriver                        0x0000000103db3b09 chromedriver + 2390793
11  chromedriver                        0x0000000103dc0bcc chromedriver + 2444236
12  chromedriver                        0x0000000103dc06ee chromedriver + 2442990
13  chromedriver                        0x0000000103d9a832 chromedriver + 2287666
14  chromedriver                        0x0000000103dc163f chromedriver + 2446911
15  chromedriver                        0x0000000103da9299 chromedriver + 2347673
16  chromedriver                        0x0000000103dd88b9 chromedriver + 2541753
17  chromedriver                        0x0000000103deb008 chromedriver + 2617352
18  libsystem_pthread.dylib             0x00007fff733e7109 _pthread_start + 148
19  libsystem_pthread.dylib             0x00007fff733e2b8b thread_start + 15
]]>
            </message>
            <full-stacktrace>
              <![CDATA[org.openqa.selenium.SessionNotCreatedException: session not created: This version of ChromeDriver only supports Chrome version 89
Current browser version is 91.0.4472.114 with binary path /Applications/Google Chrome.app/Contents/MacOS/Google Chrome
Build info: version: '3.141.59', revision: 'e82be7d358', time: '2018-11-14T08:17:03'
System info: host: 'Pritis-MBP', ip: '2401:4900:5037:f8c:9413:2782:81fc:5373%en0', os.name: 'Mac OS X', os.arch: 'x86_64', os.version: '10.15.7', java.version: '15.0.2'
Driver info: driver.version: ChromeDriver
remote stacktrace: 0   chromedriver                        0x0000000103de5b59 chromedriver + 2595673
1   chromedriver                        0x0000000104499b33 chromedriver + 9624371
2   chromedriver                        0x0000000103b95773 chromedriver + 169843
3   chromedriver                        0x0000000103bb9bf6 chromedriver + 318454
4   chromedriver                        0x0000000103bb5dc4 chromedriver + 302532
5   chromedriver                        0x0000000103bb3032 chromedriver + 290866
6   chromedriver                        0x0000000103be6234 chromedriver + 500276
7   chromedriver                        0x0000000103be14f3 chromedriver + 480499
8   chromedriver                        0x0000000103bbbcd6 chromedriver + 326870
9   chromedriver                        0x0000000103bbcba7 chromedriver + 330663
10  chromedriver                        0x0000000103db3b09 chromedriver + 2390793
11  chromedriver                        0x0000000103dc0bcc chromedriver + 2444236
12  chromedriver                        0x0000000103dc06ee chromedriver + 2442990
13  chromedriver                        0x0000000103d9a832 chromedriver + 2287666
14  chromedriver                        0x0000000103dc163f chromedriver + 2446911
15  chromedriver                        0x0000000103da9299 chromedriver + 2347673
16  chromedriver                        0x0000000103dd88b9 chromedriver + 2541753
17  chromedriver                        0x0000000103deb008 chromedriver + 2617352
18  libsystem_pthread.dylib             0x00007fff733e7109 _pthread_start + 148
19  libsystem_pthread.dylib             0x00007fff733e2b8b thread_start + 15

at java.base/jdk.internal.reflect.NativeConstructorAccessorImpl.newInstance0(Native Method)
at java.base/jdk.internal.reflect.NativeConstructorAccessorImpl.newInstance(NativeConstructorAccessorImpl.java:64)
at java.base/jdk.internal.reflect.DelegatingConstructorAccessorImpl.newInstance(DelegatingConstructorAccessorImpl.java:45)
at java.base/java.lang.reflect.Constructor.newInstanceWithCaller(Constructor.java:500)
at java.base/java.lang.reflect.Constructor.newInstance(Constructor.java:481)
at org.openqa.selenium.remote.W3CHandshakeResponse.lambda$errorHandler$0(W3CHandshakeResponse.java:62)
at org.openqa.selenium.remote.HandshakeResponse.lambda$getResponseFunction$0(HandshakeResponse.java:30)
at org.openqa.selenium.remote.ProtocolHandshake.lambda$createSession$0(ProtocolHandshake.java:126)
at java.base/java.util.stream.ReferencePipeline$3$1.accept(ReferencePipeline.java:195)
at java.base/java.util.Spliterators$ArraySpliterator.tryAdvance(Spliterators.java:958)
at java.base/java.util.stream.ReferencePipeline.forEachWithCancel(ReferencePipeline.java:127)
at java.base/java.util.stream.AbstractPipeline.copyIntoWithCancel(AbstractPipeline.java:502)
at java.base/java.util.stream.AbstractPipeline.copyInto(AbstractPipeline.java:488)
at java.base/java.util.stream.AbstractPipeline.wrapAndCopyInto(AbstractPipeline.java:474)
at java.base/java.util.stream.FindOps$FindOp.evaluateSequential(FindOps.java:150)
at java.base/java.util.stream.AbstractPipeline.evaluate(AbstractPipeline.java:234)
at java.base/java.util.stream.ReferencePipeline.findFirst(ReferencePipeline.java:543)
at org.openqa.selenium.remote.ProtocolHandshake.createSession(ProtocolHandshake.java:128)
at org.openqa.selenium.remote.ProtocolHandshake.createSession(ProtocolHandshake.java:74)
at org.openqa.selenium.remote.HttpCommandExecutor.execute(HttpCommandExecutor.java:136)
at org.openqa.selenium.remote.service.DriverCommandExecutor.execute(DriverCommandExecutor.java:83)
at org.openqa.selenium.remote.RemoteWebDriver.execute(RemoteWebDriver.java:552)
at org.openqa.selenium.remote.RemoteWebDriver.startSession(RemoteWebDriver.java:213)
at org.openqa.selenium.remote.RemoteWebDriver.<init>(RemoteWebDriver.java:131)
at org.openqa.selenium.chrome.ChromeDriver.<init>(ChromeDriver.java:181)
at org.openqa.selenium.chrome.ChromeDriver.<init>(ChromeDriver.java:168)
at org.openqa.selenium.chrome.ChromeDriver.<init>(ChromeDriver.java:123)
at base.BasePage.setup_before_each_test(BasePage.java:56)
at java.base/jdk.internal.reflect.NativeMethodAccessorImpl.invoke0(Native Method)
at java.base/jdk.internal.reflect.NativeMethodAccessorImpl.invoke(NativeMethodAccessorImpl.java:64)
at java.base/jdk.internal.reflect.DelegatingMethodAccessorImpl.invoke(DelegatingMethodAccessorImpl.java:43)
at java.base/java.lang.reflect.Method.invoke(Method.java:564)
at org.testng.internal.MethodInvocationHelper.invokeMethod(MethodInvocationHelper.java:133)
at org.testng.internal.MethodInvocationHelper.invokeMethodConsideringTimeout(MethodInvocationHelper.java:62)
at org.testng.internal.ConfigInvoker.invokeConfigurationMethod(ConfigInvoker.java:385)
at org.testng.internal.ConfigInvoker.invokeConfigurations(ConfigInvoker.java:321)
at org.testng.internal.TestInvoker.runConfigMethods(TestInvoker.java:700)
at org.testng.internal.TestInvoker.invokeMethod(TestInvoker.java:527)
at org.testng.internal.TestInvoker.invokeTestMethod(TestInvoker.java:173)
at org.testng.internal.MethodRunner.runInSequence(MethodRunner.java:46)
at org.testng.internal.TestInvoker$MethodInvocationAgent.invoke(TestInvoker.java:824)
at org.testng.internal.TestInvoker.invokeTestMethods(TestInvoker.java:146)
at org.testng.internal.TestMethodWorker.invokeTestMethods(TestMethodWorker.java:146)
at org.testng.internal.TestMethodWorker.run(TestMethodWorker.java:128)
at java.base/java.util.concurrent.ThreadPoolExecutor.runWorker(ThreadPoolExecutor.java:1130)
at java.base/java.util.concurrent.ThreadPoolExecutor$Worker.run(ThreadPoolExecutor.java:630)
at java.base/java.lang.Thread.run(Thread.java:832)
]]>
            </full-stacktrace>
          </exception> <!-- org.openqa.selenium.SessionNotCreatedException -->
          <reporter-output>
          </reporter-output>
        </test-method> <!-- verifyLoginPage_test1 -->
        <test-method is-config="true" signature="setup_before_each_test(org.testng.ITestResult,org.testng.ITestContext)[pri:0, instance:testcases.LoginPageTest@53ca01a2]" started-at="2021-07-10T12:30:44 IST" name="setup_before_each_test" finished-at="1970-01-01T05:30:00 IST" duration-ms="-1625900444314" status="SKIP">
          <reporter-output>
          </reporter-output>
        </test-method> <!-- setup_before_each_test -->
        <test-method is-config="true" signature="tearDown_after_each_test()[pri:0, instance:testcases.LoginPageTest@53ca01a2]" started-at="2021-07-10T12:30:44 IST" name="tearDown_after_each_test" finished-at="1970-01-01T05:30:00 IST" duration-ms="-1625900444315" status="SKIP">
          <reporter-output>
          </reporter-output>
        </test-method> <!-- tearDown_after_each_test -->
      </class> <!-- testcases.LoginPageTest -->
    </test> <!-- test1 -->
  </suite> <!-- Suite -->
</testng-results>
