<?xml version="1.0" encoding="UTF-8"?>
<testng-results ignored="0" total="2" passed="2" failed="0" skipped="0">
  <reporter-output>
  </reporter-output>
  <suite started-at="2021-07-15T22:53:30 IST" name="Suite" finished-at="2021-07-15T22:53:44 IST" duration-ms="14896">
    <groups>
      <group name="smoke">
        <method signature="LoginPageTest.verifyLoginPage_test1(org.testng.ITestContext)[pri:0, instance:testcases.LoginPageTest@6b419da]" name="verifyLoginPage_test1" class="testcases.LoginPageTest"/>
      </group> <!-- smoke -->
    </groups>
    <test started-at="2021-07-15T22:53:30 IST" name="test1" finished-at="2021-07-15T22:53:44 IST" duration-ms="14896">
      <class name="testcases.LoginPageTest">
        <test-method is-config="true" signature="setup_before_each_test(org.testng.ITestResult,org.testng.ITestContext)[pri:0, instance:testcases.LoginPageTest@6b419da]" started-at="2021-07-15T22:53:30 IST" name="setup_before_each_test" finished-at="2021-07-15T22:53:36 IST" duration-ms="6864" status="PASS">
          <params>
            <param index="0">
              <value>
                <![CDATA[[TestResult name={null} status=CREATED method=LoginPageTest.verifyLoginPage_test1(org.testng.ITestContext)[pri:0, instance:testcases.LoginPageTest@6b419da] output={null}]]]>
              </value>
            </param>
            <param index="1">
              <value>
                <![CDATA[org.testng.TestRunner@22483bd2]]>
              </value>
            </param>
          </params>
          <reporter-output>
          </reporter-output>
        </test-method> <!-- setup_before_each_test -->
        <test-method signature="verifyLoginPage_test1(org.testng.ITestContext)[pri:0, instance:testcases.LoginPageTest@6b419da]" started-at="2021-07-15T22:53:36 IST" name="verifyLoginPage_test1" finished-at="2021-07-15T22:53:38 IST" duration-ms="1176" status="PASS">
          <params>
            <param index="0">
              <value>
                <![CDATA[org.testng.TestRunner@22483bd2]]>
              </value>
            </param>
          </params>
          <reporter-output>
          </reporter-output>
        </test-method> <!-- verifyLoginPage_test1 -->
        <test-method is-config="true" signature="tearDown_after_each_test()[pri:0, instance:testcases.LoginPageTest@6b419da]" started-at="2021-07-15T22:53:38 IST" name="tearDown_after_each_test" finished-at="2021-07-15T22:53:38 IST" duration-ms="395" status="PASS">
          <reporter-output>
          </reporter-output>
        </test-method> <!-- tearDown_after_each_test -->
        <test-method is-config="true" signature="setup_before_each_test(org.testng.ITestResult,org.testng.ITestContext)[pri:0, instance:testcases.LoginPageTest@6b419da]" started-at="2021-07-15T22:53:38 IST" name="setup_before_each_test" finished-at="2021-07-15T22:53:43 IST" duration-ms="5055" status="PASS">
          <params>
            <param index="0">
              <value>
                <![CDATA[[TestResult name={null} status=CREATED method=LoginPageTest.verifyLoginPage_test1(org.testng.ITestContext)[pri:0, instance:testcases.LoginPageTest@6b419da] output={null}]]]>
              </value>
            </param>
            <param index="1">
              <value>
                <![CDATA[org.testng.TestRunner@22483bd2]]>
              </value>
            </param>
          </params>
          <reporter-output>
          </reporter-output>
        </test-method> <!-- setup_before_each_test -->
        <test-method signature="verifyLoginPage_test1(org.testng.ITestContext)[pri:0, instance:testcases.LoginPageTest@6b419da]" started-at="2021-07-15T22:53:43 IST" name="verifyLoginPage_test1" finished-at="2021-07-15T22:53:44 IST" duration-ms="1241" status="PASS">
          <params>
            <param index="0">
              <value>
                <![CDATA[org.testng.TestRunner@22483bd2]]>
              </value>
            </param>
          </params>
          <reporter-output>
          </reporter-output>
        </test-method> <!-- verifyLoginPage_test1 -->
        <test-method is-config="true" signature="tearDown_after_each_test()[pri:0, instance:testcases.LoginPageTest@6b419da]" started-at="2021-07-15T22:53:44 IST" name="tearDown_after_each_test" finished-at="2021-07-15T22:53:44 IST" duration-ms="138" status="PASS">
          <reporter-output>
          </reporter-output>
        </test-method> <!-- tearDown_after_each_test -->
      </class> <!-- testcases.LoginPageTest -->
    </test> <!-- test1 -->
  </suite> <!-- Suite -->
</testng-results>
