<?xml version="1.0" encoding="UTF-8"?>
<testng-results ignored="0" total="2" passed="2" failed="0" skipped="0">
  <reporter-output>
  </reporter-output>
  <suite started-at="2021-04-19T22:08:26 IST" name="Suite" finished-at="2021-04-19T22:08:46 IST" duration-ms="20244">
    <groups>
      <group name="smoke">
        <method signature="LoginPageTest.verifyLoggedIn_test2()[pri:0, instance:testcases.LoginPageTest@3ec300f1]" name="verifyLoggedIn_test2" class="testcases.LoginPageTest"/>
        <method signature="LoginPageTest.verifyLoginPage_test1(org.testng.ITestContext)[pri:0, instance:testcases.LoginPageTest@3ec300f1]" name="verifyLoginPage_test1" class="testcases.LoginPageTest"/>
      </group> <!-- smoke -->
    </groups>
    <test started-at="2021-04-19T22:08:26 IST" name="test" finished-at="2021-04-19T22:08:46 IST" duration-ms="20244">
      <class name="testcases.LoginPageTest">
        <test-method is-config="true" signature="setup_before_each_test(org.testng.ITestResult,org.testng.ITestContext)[pri:0, instance:testcases.LoginPageTest@3ec300f1]" started-at="2021-04-19T22:08:26 IST" name="setup_before_each_test" finished-at="2021-04-19T22:08:36 IST" duration-ms="10178" status="PASS">
          <params>
            <param index="0">
              <value>
                <![CDATA[[TestResult name={null} status=CREATED method=LoginPageTest.verifyLoggedIn_test2()[pri:0, instance:testcases.LoginPageTest@3ec300f1] output={null}]]]>
              </value>
            </param>
            <param index="1">
              <value>
                <![CDATA[org.testng.TestRunner@22bd2039]]>
              </value>
            </param>
          </params>
          <reporter-output>
          </reporter-output>
        </test-method> <!-- setup_before_each_test -->
        <test-method signature="verifyLoggedIn_test2()[pri:0, instance:testcases.LoginPageTest@3ec300f1]" started-at="2021-04-19T22:08:36 IST" name="verifyLoggedIn_test2" finished-at="2021-04-19T22:08:38 IST" duration-ms="2165" status="PASS">
          <reporter-output>
          </reporter-output>
        </test-method> <!-- verifyLoggedIn_test2 -->
        <test-method is-config="true" signature="tearDown_after_each_test()[pri:0, instance:testcases.LoginPageTest@3ec300f1]" started-at="2021-04-19T22:08:38 IST" name="tearDown_after_each_test" finished-at="2021-04-19T22:08:38 IST" duration-ms="324" status="PASS">
          <reporter-output>
          </reporter-output>
        </test-method> <!-- tearDown_after_each_test -->
        <test-method is-config="true" signature="setup_before_each_test(org.testng.ITestResult,org.testng.ITestContext)[pri:0, instance:testcases.LoginPageTest@3ec300f1]" started-at="2021-04-19T22:08:38 IST" name="setup_before_each_test" finished-at="2021-04-19T22:08:46 IST" duration-ms="7410" status="PASS">
          <params>
            <param index="0">
              <value>
                <![CDATA[[TestResult name={null} status=CREATED method=LoginPageTest.verifyLoginPage_test1(org.testng.ITestContext)[pri:0, instance:testcases.LoginPageTest@3ec300f1] output={null}]]]>
              </value>
            </param>
            <param index="1">
              <value>
                <![CDATA[org.testng.TestRunner@22bd2039]]>
              </value>
            </param>
          </params>
          <reporter-output>
          </reporter-output>
        </test-method> <!-- setup_before_each_test -->
        <test-method signature="verifyLoginPage_test1(org.testng.ITestContext)[pri:0, instance:testcases.LoginPageTest@3ec300f1]" started-at="2021-04-19T22:08:46 IST" name="verifyLoginPage_test1" finished-at="2021-04-19T22:08:46 IST" duration-ms="12" status="PASS">
          <params>
            <param index="0">
              <value>
                <![CDATA[org.testng.TestRunner@22bd2039]]>
              </value>
            </param>
          </params>
          <reporter-output>
          </reporter-output>
        </test-method> <!-- verifyLoginPage_test1 -->
        <test-method is-config="true" signature="tearDown_after_each_test()[pri:0, instance:testcases.LoginPageTest@3ec300f1]" started-at="2021-04-19T22:08:46 IST" name="tearDown_after_each_test" finished-at="2021-04-19T22:08:46 IST" duration-ms="132" status="PASS">
          <reporter-output>
          </reporter-output>
        </test-method> <!-- tearDown_after_each_test -->
      </class> <!-- testcases.LoginPageTest -->
    </test> <!-- test -->
  </suite> <!-- Suite -->
</testng-results>
